{
  meta: {
    error: SyntaxError: Expected ',' or '}' after property value in JSON at position 54
        at JSON.parse (<anonymous>)
        at parse (D:\NodeJS\migrantWork\node_modules\body-parser\lib\types\json.js:92:19)
        at D:\NodeJS\migrantWork\node_modules\body-parser\lib\read.js:128:18
        at AsyncResource.runInAsyncScope (node:async_hooks:206:9)
        at invokeCallback (D:\NodeJS\migrantWork\node_modules\raw-body\index.js:238:16)
        at done (D:\NodeJS\migrantWork\node_modules\raw-body\index.js:227:7)
        at IncomingMessage.onEnd (D:\NodeJS\migrantWork\node_modules\raw-body\index.js:287:7)
        at IncomingMessage.emit (node:events:514:28)
        at endReadableNT (node:internal/streams/readable:1589:12)
        at process.processTicksAndRejections (node:internal/process/task_queues:82:21) {
      expose: true,
      statusCode: 400,
      status: 400,
      body: '{\r\n' +
        '    "vacancy_id":"1",\r\n' +
        '     "worker_id": "1"\r\n' +
        '     "application_date":"2013-02-12"\r\n' +
        '}',
      type: 'entity.parse.failed'
    },
    level: 'error',
    message: "uncaughtException: Expected ',' or '}' after property value in JSON at position 54\n" +
      "SyntaxError: Expected ',' or '}' after property value in JSON at position 54\n" +
      '    at JSON.parse (<anonymous>)\n' +
      '    at parse (D:\\NodeJS\\migrantWork\\node_modules\\body-parser\\lib\\types\\json.js:92:19)\n' +
      '    at D:\\NodeJS\\migrantWork\\node_modules\\body-parser\\lib\\read.js:128:18\n' +
      '    at AsyncResource.runInAsyncScope (node:async_hooks:206:9)\n' +
      '    at invokeCallback (D:\\NodeJS\\migrantWork\\node_modules\\raw-body\\index.js:238:16)\n' +
      '    at done (D:\\NodeJS\\migrantWork\\node_modules\\raw-body\\index.js:227:7)\n' +
      '    at IncomingMessage.onEnd (D:\\NodeJS\\migrantWork\\node_modules\\raw-body\\index.js:287:7)\n' +
      '    at IncomingMessage.emit (node:events:514:28)\n' +
      '    at endReadableNT (node:internal/streams/readable:1589:12)\n' +
      '    at process.processTicksAndRejections (node:internal/process/task_queues:82:21)',
    stack: "SyntaxError: Expected ',' or '}' after property value in JSON at position 54\n" +
      '    at JSON.parse (<anonymous>)\n' +
      '    at parse (D:\\NodeJS\\migrantWork\\node_modules\\body-parser\\lib\\types\\json.js:92:19)\n' +
      '    at D:\\NodeJS\\migrantWork\\node_modules\\body-parser\\lib\\read.js:128:18\n' +
      '    at AsyncResource.runInAsyncScope (node:async_hooks:206:9)\n' +
      '    at invokeCallback (D:\\NodeJS\\migrantWork\\node_modules\\raw-body\\index.js:238:16)\n' +
      '    at done (D:\\NodeJS\\migrantWork\\node_modules\\raw-body\\index.js:227:7)\n' +
      '    at IncomingMessage.onEnd (D:\\NodeJS\\migrantWork\\node_modules\\raw-body\\index.js:287:7)\n' +
      '    at IncomingMessage.emit (node:events:514:28)\n' +
      '    at endReadableNT (node:internal/streams/readable:1589:12)\n' +
      '    at process.processTicksAndRejections (node:internal/process/task_queues:82:21)',
    exception: true,
    date: 'Thu Mar 07 2024 11:19:42 GMT+0500 (Uzbekistan Standard Time)',
    process: {
      pid: 3612,
      uid: null,
      gid: null,
      cwd: 'D:\\NodeJS\\migrantWork',
      execPath: 'C:\\Program Files\\nodejs\\node.exe',
      version: 'v20.10.0',
      argv: [
        'C:\\Program Files\\nodejs\\node.exe',
        'D:\\NodeJS\\migrantWork\\server'
      ],
      memoryUsage: {
        rss: 50552832,
        heapTotal: 18132992,
        heapUsed: 17353440,
        external: 2406970,
        arrayBuffers: 22848
      }
    },
    os: { loadavg: [ 0, 0, 0 ], uptime: 582178.937 },
    trace: [
      {
        column: null,
        file: null,
        function: 'JSON.parse',
        line: null,
        method: 'parse',
        native: false
      },
      {
        column: 19,
        file: 'D:\\NodeJS\\migrantWork\\node_modules\\body-parser\\lib\\types\\json.js',
        function: 'parse',
        line: 92,
        method: null,
        native: false
      },
      {
        column: 18,
        file: 'D:\\NodeJS\\migrantWork\\node_modules\\body-parser\\lib\\read.js',
        function: null,
        line: 128,
        method: null,
        native: false
      },
      {
        column: 9,
        file: 'node:async_hooks',
        function: 'AsyncResource.runInAsyncScope',
        line: 206,
        method: 'runInAsyncScope',
        native: false
      },
      {
        column: 16,
        file: 'D:\\NodeJS\\migrantWork\\node_modules\\raw-body\\index.js',
        function: 'invokeCallback',
        line: 238,
        method: null,
        native: false
      },
      {
        column: 7,
        file: 'D:\\NodeJS\\migrantWork\\node_modules\\raw-body\\index.js',
        function: 'done',
        line: 227,
        method: null,
        native: false
      },
      {
        column: 7,
        file: 'D:\\NodeJS\\migrantWork\\node_modules\\raw-body\\index.js',
        function: 'IncomingMessage.onEnd',
        line: 287,
        method: 'onEnd',
        native: false
      },
      {
        column: 28,
        file: 'node:events',
        function: 'IncomingMessage.emit',
        line: 514,
        method: 'emit',
        native: false
      },
      {
        column: 12,
        file: 'node:internal/streams/readable',
        function: 'endReadableNT',
        line: 1589,
        method: null,
        native: false
      },
      {
        column: 21,
        file: 'node:internal/process/task_queues',
        function: 'process.processTicksAndRejections',
        line: 82,
        method: 'processTicksAndRejections',
        native: false
      }
    ],
    req: {
      url: '/api/application/add',
      headers: {
        'content-type': 'application/json',
        'user-agent': 'PostmanRuntime/7.36.3',
        accept: '*/*',
        'postman-token': '98ca1d01-34b2-4347-b67d-07cf2fa996c7',
        host: 'localhost:4004',
        'accept-encoding': 'gzip, deflate, br',
        connection: 'keep-alive',
        'content-length': '88',
        cookie: 'refreshToken=eyJhbGciOiJIUzI1NiIsInR5cCI6IkpXVCJ9.eyJpZCI6MSwiaXNfYWN0aXZlIjp0cnVlLCJpYXQiOjE3MDk3OTIxMDUsImV4cCI6MTcxMTA4ODEwNX0.gSOiuBKxgZ_G0e28FnRWjYX3QUEGIsPRUdPInMlTp_M'
      },
      method: 'POST',
      httpVersion: '1.1',
      originalUrl: '/api/application/add',
      query: {}
    }
  },
  level: 'error',
  message: 'middlewareError'
}
